[2019-04-09 02:52:58] production.DEBUG: Flarum\Http\Exception\RouteNotFoundException in D:\phpStudy\PHPTutorial\WWW\FlarumChina\vendor\flarum\core\src\Http\Middleware\DispatchRoute.php:62
Stack trace:
#0 D:\phpStudy\PHPTutorial\WWW\FlarumChina\vendor\zendframework\zend-stratigility\src\Dispatch.php(212): Flarum\Http\Middleware\DispatchRoute->__invoke(Object(Zend\Stratigility\Http\Request), Object(Zend\Stratigility\Http\Response), Object(Zend\Stratigility\Next))
#1 D:\phpStudy\PHPTutorial\WWW\FlarumChina\vendor\zendframework\zend-stratigility\src\Dispatch.php(88): Zend\Stratigility\Dispatch->dispatchCallableMiddleware(Object(Flarum\Http\Middleware\DispatchRoute), Object(Zend\Stratigility\Next), Object(Zend\Stratigility\Http\Request), Object(Zend\Stratigility\Http\Response), NULL)
#2 D:\phpStudy\PHPTutorial\WWW\FlarumChina\vendor\zendframework\zend-stratigility\src\Next.php(160): Zend\Stratigility\Dispatch->__invoke(Object(Zend\Stratigility\Route), NULL, Object(Zend\Stratigility\Http\Request), Object(Zend\Stratigility\Http\Response), Object(Zend\Stratigility\Next))
#3 D:\phpStudy\PHPTutorial\WWW\FlarumChina\vendor\flarum\core\src\Http\Middleware\SetLocale.php(51): Zend\Stratigility\Next->__invoke(Object(Zend\Stratigility\Http\Request), Object(Zend\Stratigility\Http\Response))
#4 D:\phpStudy\PHPTutorial\WWW\FlarumChina\vendor\zendframework\zend-stratigility\src\Dispatch.php(212): Flarum\Http\Middleware\SetLocale->__invoke(Object(Zend\Stratigility\Http\Request), Object(Zend\Stratigility\Http\Response), Object(Zend\Stratigility\Next))
#5 D:\phpStudy\PHPTutorial\WWW\FlarumChina\vendor\zendframework\zend-stratigility\src\Dispatch.php(88): Zend\Stratigility\Dispatch->dispatchCallableMiddleware(Object(Flarum\Http\Middleware\SetLocale), Object(Zend\Stratigility\Next), Object(Zend\Stratigility\Http\Request), Object(Zend\Stratigility\Http\Response), NULL)
#6 D:\phpStudy\PHPTutorial\WWW\FlarumChina\vendor\zendframework\zend-stratigility\src\Next.php(160): Zend\Stratigility\Dispatch->__invoke(Object(Zend\Stratigility\Route), NULL, Object(Zend\Stratigility\Http\Request), Object(Zend\Stratigility\Http\Response), Object(Zend\Stratigility\Next))
#7 D:\phpStudy\PHPTutorial\WWW\FlarumChina\vendor\flarum\core\src\Http\Middleware\AuthenticateWithSession.php(36): Zend\Stratigility\Next->__invoke(Object(Zend\Stratigility\Http\Request), Object(Zend\Stratigility\Http\Response))
#8 D:\phpStudy\PHPTutorial\WWW\FlarumChina\vendor\zendframework\zend-stratigility\src\Dispatch.php(212): Flarum\Http\Middleware\AuthenticateWithSession->__invoke(Object(Zend\Stratigility\Http\Request), Object(Zend\Stratigility\Http\Response), Object(Zend\Stratigility\Next))
#9 D:\phpStudy\PHPTutorial\WWW\FlarumChina\vendor\zendframework\zend-stratigility\src\Dispatch.php(88): Zend\Stratigility\Dispatch->dispatchCallableMiddleware(Object(Flarum\Http\Middleware\AuthenticateWithSession), Object(Zend\Stratigility\Next), Object(Zend\Stratigility\Http\Request), Object(Zend\Stratigility\Http\Response), NULL)
#10 D:\phpStudy\PHPTutorial\WWW\FlarumChina\vendor\zendframework\zend-stratigility\src\Next.php(160): Zend\Stratigility\Dispatch->__invoke(Object(Zend\Stratigility\Route), NULL, Object(Zend\Stratigility\Http\Request), Object(Zend\Stratigility\Http\Response), Object(Zend\Stratigility\Next))
#11 D:\phpStudy\PHPTutorial\WWW\FlarumChina\vendor\flarum\core\src\Http\Middleware\RememberFromCookie.php(39): Zend\Stratigility\Next->__invoke(Object(Zend\Stratigility\Http\Request), Object(Zend\Stratigility\Http\Response))
#12 D:\phpStudy\PHPTutorial\WWW\FlarumChina\vendor\zendframework\zend-stratigility\src\Dispatch.php(212): Flarum\Http\Middleware\RememberFromCookie->__invoke(Object(Zend\Stratigility\Http\Request), Object(Zend\Stratigility\Http\Response), Object(Zend\Stratigility\Next))
#13 D:\phpStudy\PHPTutorial\WWW\FlarumChina\vendor\zendframework\zend-stratigility\src\Dispatch.php(88): Zend\Stratigility\Dispatch->dispatchCallableMiddleware(Object(Flarum\Http\Middleware\RememberFromCookie), Object(Zend\Stratigility\Next), Object(Zend\Stratigility\Http\Request), Object(Zend\Stratigility\Http\Response), NULL)
#14 D:\phpStudy\PHPTutorial\WWW\FlarumChina\vendor\zendframework\zend-stratigility\src\Next.php(160): Zend\Stratigility\Dispatch->__invoke(Object(Zend\Stratigility\Route), NULL, Object(Zend\Stratigility\Http\Request), Object(Zend\Stratigility\Http\Response), Object(Zend\Stratigility\Next))
#15 D:\phpStudy\PHPTutorial\WWW\FlarumChina\vendor\flarum\core\src\Http\Middleware\StartSession.php(48): Zend\Stratigility\Next->__invoke(Object(Zend\Stratigility\Http\Request), Object(Zend\Stratigility\Http\Response))
#16 D:\phpStudy\PHPTutorial\WWW\FlarumChina\vendor\zendframework\zend-stratigility\src\Dispatch.php(212): Flarum\Http\Middleware\StartSession->__invoke(Object(Zend\Stratigility\Http\Request), Object(Zend\Stratigility\Http\Response), Object(Zend\Stratigility\Next))
#17 D:\phpStudy\PHPTutorial\WWW\FlarumChina\vendor\zendframework\zend-stratigility\src\Dispatch.php(88): Zend\Stratigility\Dispatch->dispatchCallableMiddleware(Object(Flarum\Http\Middleware\StartSession), Object(Zend\Stratigility\Next), Object(Zend\Stratigility\Http\Request), Object(Zend\Stratigility\Http\Response), NULL)
#18 D:\phpStudy\PHPTutorial\WWW\FlarumChina\vendor\zendframework\zend-stratigility\src\Next.php(160): Zend\Stratigility\Dispatch->__invoke(Object(Zend\Stratigility\Route), NULL, Object(Zend\Stratigility\Http\Request), Object(Zend\Stratigility\Http\Response), Object(Zend\Stratigility\Next))
#19 D:\phpStudy\PHPTutorial\WWW\FlarumChina\vendor\flarum\core\src\Http\Middleware\ParseJsonBody.php(31): Zend\Stratigility\Next->__invoke(Object(Zend\Stratigility\Http\Request), Object(Zend\Stratigility\Http\Response))
#20 D:\phpStudy\PHPTutorial\WWW\FlarumChina\vendor\zendframework\zend-stratigility\src\Dispatch.php(212): Flarum\Http\Middleware\ParseJsonBody->__invoke(Object(Zend\Stratigility\Http\Request), Object(Zend\Stratigility\Http\Response), Object(Zend\Stratigility\Next))
#21 D:\phpStudy\PHPTutorial\WWW\FlarumChina\vendor\zendframework\zend-stratigility\src\Dispatch.php(88): Zend\Stratigility\Dispatch->dispatchCallableMiddleware(Object(Flarum\Http\Middleware\ParseJsonBody), Object(Zend\Stratigility\Next), Object(Zend\Stratigility\Http\Request), Object(Zend\Stratigility\Http\Response), NULL)
#22 D:\phpStudy\PHPTutorial\WWW\FlarumChina\vendor\zendframework\zend-stratigility\src\Next.php(160): Zend\Stratigility\Dispatch->__invoke(Object(Zend\Stratigility\Route), NULL, Object(Zend\Stratigility\Http\Request), Object(Zend\Stratigility\Http\Response), Object(Zend\Stratigility\Next))
#23 D:\phpStudy\PHPTutorial\WWW\FlarumChina\vendor\flarum\core\src\Http\Middleware\HandleErrors.php(61): Zend\Stratigility\Next->__invoke(Object(Zend\Stratigility\Http\Request), Object(Zend\Stratigility\Http\Response))
#24 D:\phpStudy\PHPTutorial\WWW\FlarumChina\vendor\zendframework\zend-stratigility\src\Dispatch.php(212): Flarum\Http\Middleware\HandleErrors->__invoke(Object(Zend\Stratigility\Http\Request), Object(Zend\Stratigility\Http\Response), Object(Zend\Stratigility\Next))
#25 D:\phpStudy\PHPTutorial\WWW\FlarumChina\vendor\zendframework\zend-stratigility\src\Dispatch.php(88): Zend\Stratigility\Dispatch->dispatchCallableMiddleware(Object(Flarum\Http\Middleware\HandleErrors), Object(Zend\Stratigility\Next), Object(Zend\Stratigility\Http\Request), Object(Zend\Stratigility\Http\Response), NULL)
#26 D:\phpStudy\PHPTutorial\WWW\FlarumChina\vendor\zendframework\zend-stratigility\src\Next.php(160): Zend\Stratigility\Dispatch->__invoke(Object(Zend\Stratigility\Route), NULL, Object(Zend\Stratigility\Http\Request), Object(Zend\Stratigility\Http\Response), Object(Zend\Stratigility\Next))
#27 D:\phpStudy\PHPTutorial\WWW\FlarumChina\vendor\zendframework\zend-stratigility\src\MiddlewarePipe.php(111): Zend\Stratigility\Next->__invoke(Object(Zend\Stratigility\Http\Request), Object(Zend\Stratigility\Http\Response))
#28 D:\phpStudy\PHPTutorial\WWW\FlarumChina\vendor\flarum\core\src\Http\AbstractServer.php(55): Zend\Stratigility\MiddlewarePipe->__invoke(Object(Zend\Stratigility\Http\Request), Object(Zend\Stratigility\Http\Response), Object(Zend\Stratigility\NoopFinalHandler))
#29 D:\phpStudy\PHPTutorial\WWW\FlarumChina\vendor\zendframework\zend-diactoros\src\Server.php(157): Flarum\Http\AbstractServer->__invoke(Object(Zend\Diactoros\ServerRequest), Object(Zend\Diactoros\Response), Object(Zend\Stratigility\NoopFinalHandler))
#30 D:\phpStudy\PHPTutorial\WWW\FlarumChina\vendor\flarum\core\src\Http\AbstractServer.php(36): Zend\Diactoros\Server->listen(Object(Zend\Stratigility\NoopFinalHandler))
#31 D:\phpStudy\PHPTutorial\WWW\FlarumChina\index.php(16): Flarum\Http\AbstractServer->listen()
#32 {main}  
